<?xml version="1.0" encoding="UTF-8"?>
<!-- Generated by org.testng.reporters.JUnitXMLReporter -->
<testsuite hostname="DESKTOP-C7HKO16" ignored="0" name="Command line test" tests="11" failures="0" timestamp="27 Sep 2018 18:37:18 GMT" time="96.949" errors="0">
  <testcase name="verifyContactsPageLabel" time="0.055" classname="com.crm.qa.testcases.ContactsPageTest"/>
  <testcase name="verifyHomePageTitleTest" time="0.008" classname="com.crm.qa.testcases.HomePageTest"/>
  <testcase name="loginPageTitleTest" time="0.047" classname="com.crm.qa.testcases.LoginPageTest"/>
  <testcase name="selectContactsTest" time="0.118" classname="com.crm.qa.testcases.ContactsPageTest"/>
  <testcase name="verifyCorrectUserName" time="0.096" classname="com.crm.qa.testcases.HomePageTest"/>
  <testcase name="crmLogoImageTest" time="0.048" classname="com.crm.qa.testcases.LoginPageTest"/>
  <testcase name="validateCreateNewContact" time="2.587" classname="com.crm.qa.testcases.ContactsPageTest"/>
  <testcase name="validateCreateNewContact" time="2.127" classname="com.crm.qa.testcases.ContactsPageTest"/>
  <testcase name="validateCreateNewContact" time="2.198" classname="com.crm.qa.testcases.ContactsPageTest"/>
  <testcase name="verifyContactsLink" time="0.58" classname="com.crm.qa.testcases.HomePageTest"/>
  <testcase name="loginTest" time="2.441" classname="com.crm.qa.testcases.LoginPageTest"/>
</testsuite> <!-- Command line test -->
