<?xml version="1.0" encoding="UTF-8"?>
<!-- Generated by org.testng.reporters.JUnitXMLReporter -->
<testsuite hostname="DESKTOP-C7HKO16" ignored="0" name="Command line test" tests="11" failures="0" timestamp="27 сен 2018 06:10:54 GMT" time="97.831" errors="0">
  <testcase name="verifyContactsPageLabel" time="0.047" classname="com.crm.qa.testcases.ContactsPageTest"/>
  <testcase name="verifyHomePageTitleTest" time="0.008" classname="com.crm.qa.testcases.HomePageTest"/>
  <testcase name="loginPageTitleTest" time="0.007" classname="com.crm.qa.testcases.LoginPageTest"/>
  <testcase name="selectContactsTest" time="0.105" classname="com.crm.qa.testcases.ContactsPageTest"/>
  <testcase name="verifyCorrectUserName" time="0.119" classname="com.crm.qa.testcases.HomePageTest"/>
  <testcase name="crmLogoImageTest" time="0.048" classname="com.crm.qa.testcases.LoginPageTest"/>
  <testcase name="validateCreateNewContact" time="1.869" classname="com.crm.qa.testcases.ContactsPageTest"/>
  <testcase name="validateCreateNewContact" time="1.851" classname="com.crm.qa.testcases.ContactsPageTest"/>
  <testcase name="validateCreateNewContact" time="1.92" classname="com.crm.qa.testcases.ContactsPageTest"/>
  <testcase name="verifyContactsLink" time="0.471" classname="com.crm.qa.testcases.HomePageTest"/>
  <testcase name="loginTest" time="2.656" classname="com.crm.qa.testcases.LoginPageTest"/>
</testsuite> <!-- Command line test -->
