<?xml version="1.0" encoding="UTF-8"?>
<!-- Generated by org.testng.reporters.JUnitXMLReporter -->
<testsuite hostname="DESKTOP-C7HKO16" ignored="0" name="Command line test" tests="11" failures="0" timestamp="27 сен 2018 15:09:06 GMT" time="115.413" errors="0">
  <testcase name="verifyContactsPageLabel" time="0.053" classname="com.crm.qa.testcases.ContactsPageTest"/>
  <testcase name="verifyHomePageTitleTest" time="0.007" classname="com.crm.qa.testcases.HomePageTest"/>
  <testcase name="loginPageTitleTest" time="0.009" classname="com.crm.qa.testcases.LoginPageTest"/>
  <testcase name="selectContactsTest" time="0.127" classname="com.crm.qa.testcases.ContactsPageTest"/>
  <testcase name="verifyCorrectUserName" time="0.08" classname="com.crm.qa.testcases.HomePageTest"/>
  <testcase name="crmLogoImageTest" time="0.099" classname="com.crm.qa.testcases.LoginPageTest"/>
  <testcase name="validateCreateNewContact" time="2.945" classname="com.crm.qa.testcases.ContactsPageTest"/>
  <testcase name="validateCreateNewContact" time="3.684" classname="com.crm.qa.testcases.ContactsPageTest"/>
  <testcase name="validateCreateNewContact" time="2.881" classname="com.crm.qa.testcases.ContactsPageTest"/>
  <testcase name="verifyContactsLink" time="0.627" classname="com.crm.qa.testcases.HomePageTest"/>
  <testcase name="loginTest" time="2.892" classname="com.crm.qa.testcases.LoginPageTest"/>
</testsuite> <!-- Command line test -->
