<?xml version="1.0" encoding="UTF-8"?>
<testng-results skipped="0" failed="0" ignored="0" total="11" passed="11">
  <reporter-output>
  </reporter-output>
  <suite name="Command line suite" duration-ms="115413" started-at="2018-09-27T15:07:11Z" finished-at="2018-09-27T15:09:06Z">
    <groups>
    </groups>
    <test name="Command line test" duration-ms="115413" started-at="2018-09-27T15:07:11Z" finished-at="2018-09-27T15:09:06Z">
      <class name="com.crm.qa.testcases.HomePageTest">
        <test-method status="PASS" signature="setUp()[pri:0, instance:com.crm.qa.testcases.HomePageTest@735b478]" name="setUp" is-config="true" duration-ms="9606" started-at="2018-09-27T15:07:28Z" finished-at="2018-09-27T15:07:37Z">
          <reporter-output>
          </reporter-output>
        </test-method> <!-- setUp -->
        <test-method status="PASS" signature="verifyHomePageTitleTest()[pri:1, instance:com.crm.qa.testcases.HomePageTest@735b478]" name="verifyHomePageTitleTest" duration-ms="7" started-at="2018-09-27T15:07:37Z" finished-at="2018-09-27T15:07:37Z">
          <reporter-output>
          </reporter-output>
        </test-method> <!-- verifyHomePageTitleTest -->
        <test-method status="PASS" signature="tearDown()[pri:0, instance:com.crm.qa.testcases.HomePageTest@735b478]" name="tearDown" is-config="true" duration-ms="655" started-at="2018-09-27T15:07:37Z" finished-at="2018-09-27T15:07:38Z">
          <reporter-output>
          </reporter-output>
        </test-method> <!-- tearDown -->
        <test-method status="PASS" signature="setUp()[pri:0, instance:com.crm.qa.testcases.HomePageTest@735b478]" name="setUp" is-config="true" duration-ms="8170" started-at="2018-09-27T15:07:50Z" finished-at="2018-09-27T15:07:58Z">
          <reporter-output>
          </reporter-output>
        </test-method> <!-- setUp -->
        <test-method status="PASS" signature="verifyCorrectUserName()[pri:2, instance:com.crm.qa.testcases.HomePageTest@735b478]" name="verifyCorrectUserName" duration-ms="80" started-at="2018-09-27T15:07:58Z" finished-at="2018-09-27T15:07:59Z">
          <reporter-output>
          </reporter-output>
        </test-method> <!-- verifyCorrectUserName -->
        <test-method status="PASS" signature="tearDown()[pri:0, instance:com.crm.qa.testcases.HomePageTest@735b478]" name="tearDown" is-config="true" duration-ms="685" started-at="2018-09-27T15:07:59Z" finished-at="2018-09-27T15:07:59Z">
          <reporter-output>
          </reporter-output>
        </test-method> <!-- tearDown -->
        <test-method status="PASS" signature="setUp()[pri:0, instance:com.crm.qa.testcases.HomePageTest@735b478]" name="setUp" is-config="true" duration-ms="8825" started-at="2018-09-27T15:08:48Z" finished-at="2018-09-27T15:08:57Z">
          <reporter-output>
          </reporter-output>
        </test-method> <!-- setUp -->
        <test-method status="PASS" signature="verifyContactsLink()[pri:3, instance:com.crm.qa.testcases.HomePageTest@735b478]" name="verifyContactsLink" duration-ms="627" started-at="2018-09-27T15:08:57Z" finished-at="2018-09-27T15:08:58Z">
          <reporter-output>
          </reporter-output>
        </test-method> <!-- verifyContactsLink -->
        <test-method status="PASS" signature="tearDown()[pri:0, instance:com.crm.qa.testcases.HomePageTest@735b478]" name="tearDown" is-config="true" duration-ms="695" started-at="2018-09-27T15:08:58Z" finished-at="2018-09-27T15:08:59Z">
          <reporter-output>
          </reporter-output>
        </test-method> <!-- tearDown -->
      </class> <!-- com.crm.qa.testcases.HomePageTest -->
      <class name="com.crm.qa.testcases.ContactsPageTest">
        <test-method status="PASS" signature="setUp()[pri:0, instance:com.crm.qa.testcases.ContactsPageTest@52af6cff]" name="setUp" is-config="true" duration-ms="15856" started-at="2018-09-27T15:07:11Z" finished-at="2018-09-27T15:07:27Z">
          <reporter-output>
          </reporter-output>
        </test-method> <!-- setUp -->
        <test-method status="PASS" signature="verifyContactsPageLabel()[pri:1, instance:com.crm.qa.testcases.ContactsPageTest@52af6cff]" name="verifyContactsPageLabel" duration-ms="53" started-at="2018-09-27T15:07:27Z" finished-at="2018-09-27T15:07:27Z">
          <reporter-output>
          </reporter-output>
        </test-method> <!-- verifyContactsPageLabel -->
        <test-method status="PASS" signature="tearDown()[pri:0, instance:com.crm.qa.testcases.ContactsPageTest@52af6cff]" name="tearDown" is-config="true" duration-ms="714" started-at="2018-09-27T15:07:27Z" finished-at="2018-09-27T15:07:28Z">
          <reporter-output>
          </reporter-output>
        </test-method> <!-- tearDown -->
        <test-method status="PASS" signature="setUp()[pri:0, instance:com.crm.qa.testcases.ContactsPageTest@52af6cff]" name="setUp" is-config="true" duration-ms="7283" started-at="2018-09-27T15:07:42Z" finished-at="2018-09-27T15:07:49Z">
          <reporter-output>
          </reporter-output>
        </test-method> <!-- setUp -->
        <test-method status="PASS" signature="selectContactsTest()[pri:2, instance:com.crm.qa.testcases.ContactsPageTest@52af6cff]" name="selectContactsTest" duration-ms="127" started-at="2018-09-27T15:07:49Z" finished-at="2018-09-27T15:07:50Z">
          <reporter-output>
          </reporter-output>
        </test-method> <!-- selectContactsTest -->
        <test-method status="PASS" signature="tearDown()[pri:0, instance:com.crm.qa.testcases.ContactsPageTest@52af6cff]" name="tearDown" is-config="true" duration-ms="704" started-at="2018-09-27T15:07:50Z" finished-at="2018-09-27T15:07:50Z">
          <reporter-output>
          </reporter-output>
        </test-method> <!-- tearDown -->
        <test-method status="PASS" signature="setUp()[pri:0, instance:com.crm.qa.testcases.ContactsPageTest@52af6cff]" name="setUp" is-config="true" duration-ms="9522" started-at="2018-09-27T15:08:07Z" finished-at="2018-09-27T15:08:16Z">
          <reporter-output>
          </reporter-output>
        </test-method> <!-- setUp -->
        <test-method status="PASS" signature="validateCreateNewContact(java.lang.String, java.lang.String, java.lang.String, java.lang.String)[pri:3, instance:com.crm.qa.testcases.ContactsPageTest@52af6cff]" name="validateCreateNewContact" duration-ms="2945" started-at="2018-09-27T15:08:16Z" data-provider="getCRMTestData" finished-at="2018-09-27T15:08:19Z">
          <params>
            <param index="0">
              <value>
                <![CDATA[Mr.]]>
              </value>
            </param>
            <param index="1">
              <value>
                <![CDATA[Tom]]>
              </value>
            </param>
            <param index="2">
              <value>
                <![CDATA[Peter]]>
              </value>
            </param>
            <param index="3">
              <value>
                <![CDATA[Google]]>
              </value>
            </param>
          </params>
          <reporter-output>
          </reporter-output>
        </test-method> <!-- validateCreateNewContact -->
        <test-method status="PASS" signature="tearDown()[pri:0, instance:com.crm.qa.testcases.ContactsPageTest@52af6cff]" name="tearDown" is-config="true" duration-ms="678" started-at="2018-09-27T15:08:19Z" finished-at="2018-09-27T15:08:20Z">
          <reporter-output>
          </reporter-output>
        </test-method> <!-- tearDown -->
        <test-method status="PASS" signature="setUp()[pri:0, instance:com.crm.qa.testcases.ContactsPageTest@52af6cff]" name="setUp" is-config="true" duration-ms="9008" started-at="2018-09-27T15:08:20Z" finished-at="2018-09-27T15:08:29Z">
          <reporter-output>
          </reporter-output>
        </test-method> <!-- setUp -->
        <test-method status="PASS" signature="validateCreateNewContact(java.lang.String, java.lang.String, java.lang.String, java.lang.String)[pri:3, instance:com.crm.qa.testcases.ContactsPageTest@52af6cff]" name="validateCreateNewContact" duration-ms="3684" started-at="2018-09-27T15:08:29Z" data-provider="getCRMTestData" finished-at="2018-09-27T15:08:32Z">
          <params>
            <param index="0">
              <value>
                <![CDATA[Dr.]]>
              </value>
            </param>
            <param index="1">
              <value>
                <![CDATA[Andrei]]>
              </value>
            </param>
            <param index="2">
              <value>
                <![CDATA[Ivanov]]>
              </value>
            </param>
            <param index="3">
              <value>
                <![CDATA[Amazon]]>
              </value>
            </param>
          </params>
          <reporter-output>
          </reporter-output>
        </test-method> <!-- validateCreateNewContact -->
        <test-method status="PASS" signature="tearDown()[pri:0, instance:com.crm.qa.testcases.ContactsPageTest@52af6cff]" name="tearDown" is-config="true" duration-ms="679" started-at="2018-09-27T15:08:32Z" finished-at="2018-09-27T15:08:33Z">
          <reporter-output>
          </reporter-output>
        </test-method> <!-- tearDown -->
        <test-method status="PASS" signature="setUp()[pri:0, instance:com.crm.qa.testcases.ContactsPageTest@52af6cff]" name="setUp" is-config="true" duration-ms="11813" started-at="2018-09-27T15:08:33Z" finished-at="2018-09-27T15:08:45Z">
          <reporter-output>
          </reporter-output>
        </test-method> <!-- setUp -->
        <test-method status="PASS" signature="validateCreateNewContact(java.lang.String, java.lang.String, java.lang.String, java.lang.String)[pri:3, instance:com.crm.qa.testcases.ContactsPageTest@52af6cff]" name="validateCreateNewContact" duration-ms="2881" started-at="2018-09-27T15:08:45Z" data-provider="getCRMTestData" finished-at="2018-09-27T15:08:48Z">
          <params>
            <param index="0">
              <value>
                <![CDATA[Mrs.]]>
              </value>
            </param>
            <param index="1">
              <value>
                <![CDATA[Ina]]>
              </value>
            </param>
            <param index="2">
              <value>
                <![CDATA[Petrova]]>
              </value>
            </param>
            <param index="3">
              <value>
                <![CDATA[Facebook]]>
              </value>
            </param>
          </params>
          <reporter-output>
          </reporter-output>
        </test-method> <!-- validateCreateNewContact -->
        <test-method status="PASS" signature="tearDown()[pri:0, instance:com.crm.qa.testcases.ContactsPageTest@52af6cff]" name="tearDown" is-config="true" duration-ms="685" started-at="2018-09-27T15:08:48Z" finished-at="2018-09-27T15:08:48Z">
          <reporter-output>
          </reporter-output>
        </test-method> <!-- tearDown -->
      </class> <!-- com.crm.qa.testcases.ContactsPageTest -->
      <class name="com.crm.qa.testcases.LoginPageTest">
        <test-method status="PASS" signature="setUp()[pri:0, instance:com.crm.qa.testcases.LoginPageTest@2c9f9fb0]" name="setUp" is-config="true" duration-ms="4237" started-at="2018-09-27T15:07:38Z" finished-at="2018-09-27T15:07:42Z">
          <reporter-output>
          </reporter-output>
        </test-method> <!-- setUp -->
        <test-method status="PASS" signature="loginPageTitleTest()[pri:1, instance:com.crm.qa.testcases.LoginPageTest@2c9f9fb0]" name="loginPageTitleTest" duration-ms="9" started-at="2018-09-27T15:07:42Z" finished-at="2018-09-27T15:07:42Z">
          <reporter-output>
          </reporter-output>
        </test-method> <!-- loginPageTitleTest -->
        <test-method status="PASS" signature="tearDown()[pri:0, instance:com.crm.qa.testcases.LoginPageTest@2c9f9fb0]" name="tearDown" is-config="true" duration-ms="107" started-at="2018-09-27T15:07:42Z" finished-at="2018-09-27T15:07:42Z">
          <reporter-output>
          </reporter-output>
        </test-method> <!-- tearDown -->
        <test-method status="PASS" signature="setUp()[pri:0, instance:com.crm.qa.testcases.LoginPageTest@2c9f9fb0]" name="setUp" is-config="true" duration-ms="4309" started-at="2018-09-27T15:07:59Z" finished-at="2018-09-27T15:08:04Z">
          <reporter-output>
          </reporter-output>
        </test-method> <!-- setUp -->
        <test-method status="PASS" signature="crmLogoImageTest()[pri:2, instance:com.crm.qa.testcases.LoginPageTest@2c9f9fb0]" name="crmLogoImageTest" duration-ms="99" started-at="2018-09-27T15:08:04Z" finished-at="2018-09-27T15:08:04Z">
          <reporter-output>
          </reporter-output>
        </test-method> <!-- crmLogoImageTest -->
        <test-method status="PASS" signature="tearDown()[pri:0, instance:com.crm.qa.testcases.LoginPageTest@2c9f9fb0]" name="tearDown" is-config="true" duration-ms="2317" started-at="2018-09-27T15:08:04Z" finished-at="2018-09-27T15:08:06Z">
          <reporter-output>
          </reporter-output>
        </test-method> <!-- tearDown -->
        <test-method status="PASS" signature="setUp()[pri:0, instance:com.crm.qa.testcases.LoginPageTest@2c9f9fb0]" name="setUp" is-config="true" duration-ms="4634" started-at="2018-09-27T15:08:59Z" finished-at="2018-09-27T15:09:03Z">
          <reporter-output>
          </reporter-output>
        </test-method> <!-- setUp -->
        <test-method status="PASS" signature="loginTest()[pri:3, instance:com.crm.qa.testcases.LoginPageTest@2c9f9fb0]" name="loginTest" duration-ms="2892" started-at="2018-09-27T15:09:03Z" finished-at="2018-09-27T15:09:06Z">
          <reporter-output>
          </reporter-output>
        </test-method> <!-- loginTest -->
        <test-method status="PASS" signature="tearDown()[pri:0, instance:com.crm.qa.testcases.LoginPageTest@2c9f9fb0]" name="tearDown" is-config="true" duration-ms="200" started-at="2018-09-27T15:09:06Z" finished-at="2018-09-27T15:09:06Z">
          <reporter-output>
          </reporter-output>
        </test-method> <!-- tearDown -->
      </class> <!-- com.crm.qa.testcases.LoginPageTest -->
    </test> <!-- Command line test -->
  </suite> <!-- Command line suite -->
</testng-results>
