<?xml version="1.0" encoding="UTF-8"?>
<testng-results skipped="0" failed="0" ignored="0" total="3" passed="3">
  <reporter-output>
  </reporter-output>
  <suite name="com.crm.qa.testcases.LoginPageTest" duration-ms="24777" started-at="2018-09-25T19:06:24Z" finished-at="2018-09-25T19:06:49Z">
    <groups>
    </groups>
    <test name="Command line test" duration-ms="24777" started-at="2018-09-25T19:06:24Z" finished-at="2018-09-25T19:06:49Z">
      <class name="com.crm.qa.testcases.LoginPageTest">
        <test-method status="PASS" signature="setUp()[pri:0, instance:com.crm.qa.testcases.LoginPageTest@6fb554cc]" name="setUp" is-config="true" duration-ms="5575" started-at="2018-09-25T19:06:24Z" finished-at="2018-09-25T19:06:30Z">
          <reporter-output>
          </reporter-output>
        </test-method> <!-- setUp -->
        <test-method status="PASS" signature="loginPageTitleTest()[pri:1, instance:com.crm.qa.testcases.LoginPageTest@6fb554cc]" name="loginPageTitleTest" duration-ms="12" started-at="2018-09-25T19:06:30Z" finished-at="2018-09-25T19:06:30Z">
          <reporter-output>
          </reporter-output>
        </test-method> <!-- loginPageTitleTest -->
        <test-method status="PASS" signature="tearDown()[pri:0, instance:com.crm.qa.testcases.LoginPageTest@6fb554cc]" name="tearDown" is-config="true" duration-ms="153" started-at="2018-09-25T19:06:30Z" finished-at="2018-09-25T19:06:30Z">
          <reporter-output>
          </reporter-output>
        </test-method> <!-- tearDown -->
        <test-method status="PASS" signature="setUp()[pri:0, instance:com.crm.qa.testcases.LoginPageTest@6fb554cc]" name="setUp" is-config="true" duration-ms="4772" started-at="2018-09-25T19:06:30Z" finished-at="2018-09-25T19:06:35Z">
          <reporter-output>
          </reporter-output>
        </test-method> <!-- setUp -->
        <test-method status="PASS" signature="crmLogoImageTest()[pri:2, instance:com.crm.qa.testcases.LoginPageTest@6fb554cc]" name="crmLogoImageTest" duration-ms="82" started-at="2018-09-25T19:06:35Z" finished-at="2018-09-25T19:06:35Z">
          <reporter-output>
          </reporter-output>
        </test-method> <!-- crmLogoImageTest -->
        <test-method status="PASS" signature="tearDown()[pri:0, instance:com.crm.qa.testcases.LoginPageTest@6fb554cc]" name="tearDown" is-config="true" duration-ms="2067" started-at="2018-09-25T19:06:35Z" finished-at="2018-09-25T19:06:37Z">
          <reporter-output>
          </reporter-output>
        </test-method> <!-- tearDown -->
        <test-method status="PASS" signature="setUp()[pri:0, instance:com.crm.qa.testcases.LoginPageTest@6fb554cc]" name="setUp" is-config="true" duration-ms="4460" started-at="2018-09-25T19:06:37Z" finished-at="2018-09-25T19:06:42Z">
          <reporter-output>
          </reporter-output>
        </test-method> <!-- setUp -->
        <test-method status="PASS" signature="loginTest()[pri:3, instance:com.crm.qa.testcases.LoginPageTest@6fb554cc]" name="loginTest" duration-ms="5568" started-at="2018-09-25T19:06:42Z" finished-at="2018-09-25T19:06:47Z">
          <reporter-output>
          </reporter-output>
        </test-method> <!-- loginTest -->
        <test-method status="PASS" signature="tearDown()[pri:0, instance:com.crm.qa.testcases.LoginPageTest@6fb554cc]" name="tearDown" is-config="true" duration-ms="2065" started-at="2018-09-25T19:06:47Z" finished-at="2018-09-25T19:06:49Z">
          <reporter-output>
          </reporter-output>
        </test-method> <!-- tearDown -->
      </class> <!-- com.crm.qa.testcases.LoginPageTest -->
    </test> <!-- Command line test -->
  </suite> <!-- com.crm.qa.testcases.LoginPageTest -->
</testng-results>
