<?xml version="1.0" encoding="UTF-8"?>
<testng-results skipped="0" failed="0" ignored="0" total="11" passed="11">
  <reporter-output>
  </reporter-output>
  <suite name="Command line suite" duration-ms="97831" started-at="2018-09-27T06:09:16Z" finished-at="2018-09-27T06:10:54Z">
    <groups>
    </groups>
    <test name="Command line test" duration-ms="97831" started-at="2018-09-27T06:09:16Z" finished-at="2018-09-27T06:10:54Z">
      <class name="com.crm.qa.testcases.HomePageTest">
        <test-method status="PASS" signature="setUp()[pri:0, instance:com.crm.qa.testcases.HomePageTest@735b478]" name="setUp" is-config="true" duration-ms="8710" started-at="2018-09-27T06:09:27Z" finished-at="2018-09-27T06:09:36Z">
          <reporter-output>
          </reporter-output>
        </test-method> <!-- setUp -->
        <test-method status="PASS" signature="verifyHomePageTitleTest()[pri:1, instance:com.crm.qa.testcases.HomePageTest@735b478]" name="verifyHomePageTitleTest" duration-ms="8" started-at="2018-09-27T06:09:36Z" finished-at="2018-09-27T06:09:36Z">
          <reporter-output>
          </reporter-output>
        </test-method> <!-- verifyHomePageTitleTest -->
        <test-method status="PASS" signature="tearDown()[pri:0, instance:com.crm.qa.testcases.HomePageTest@735b478]" name="tearDown" is-config="true" duration-ms="682" started-at="2018-09-27T06:09:36Z" finished-at="2018-09-27T06:09:36Z">
          <reporter-output>
          </reporter-output>
        </test-method> <!-- tearDown -->
        <test-method status="PASS" signature="setUp()[pri:0, instance:com.crm.qa.testcases.HomePageTest@735b478]" name="setUp" is-config="true" duration-ms="6728" started-at="2018-09-27T06:09:50Z" finished-at="2018-09-27T06:09:57Z">
          <reporter-output>
          </reporter-output>
        </test-method> <!-- setUp -->
        <test-method status="PASS" signature="verifyCorrectUserName()[pri:2, instance:com.crm.qa.testcases.HomePageTest@735b478]" name="verifyCorrectUserName" duration-ms="119" started-at="2018-09-27T06:09:57Z" finished-at="2018-09-27T06:09:57Z">
          <reporter-output>
          </reporter-output>
        </test-method> <!-- verifyCorrectUserName -->
        <test-method status="PASS" signature="tearDown()[pri:0, instance:com.crm.qa.testcases.HomePageTest@735b478]" name="tearDown" is-config="true" duration-ms="658" started-at="2018-09-27T06:09:57Z" finished-at="2018-09-27T06:09:58Z">
          <reporter-output>
          </reporter-output>
        </test-method> <!-- tearDown -->
        <test-method status="PASS" signature="setUp()[pri:0, instance:com.crm.qa.testcases.HomePageTest@735b478]" name="setUp" is-config="true" duration-ms="6738" started-at="2018-09-27T06:10:37Z" finished-at="2018-09-27T06:10:43Z">
          <reporter-output>
          </reporter-output>
        </test-method> <!-- setUp -->
        <test-method status="PASS" signature="verifyContactsLink()[pri:3, instance:com.crm.qa.testcases.HomePageTest@735b478]" name="verifyContactsLink" duration-ms="471" started-at="2018-09-27T06:10:43Z" finished-at="2018-09-27T06:10:44Z">
          <reporter-output>
          </reporter-output>
        </test-method> <!-- verifyContactsLink -->
        <test-method status="PASS" signature="tearDown()[pri:0, instance:com.crm.qa.testcases.HomePageTest@735b478]" name="tearDown" is-config="true" duration-ms="647" started-at="2018-09-27T06:10:44Z" finished-at="2018-09-27T06:10:45Z">
          <reporter-output>
          </reporter-output>
        </test-method> <!-- tearDown -->
      </class> <!-- com.crm.qa.testcases.HomePageTest -->
      <class name="com.crm.qa.testcases.ContactsPageTest">
        <test-method status="PASS" signature="setUp()[pri:0, instance:com.crm.qa.testcases.ContactsPageTest@52af6cff]" name="setUp" is-config="true" duration-ms="10245" started-at="2018-09-27T06:09:16Z" finished-at="2018-09-27T06:09:26Z">
          <reporter-output>
          </reporter-output>
        </test-method> <!-- setUp -->
        <test-method status="PASS" signature="verifyContactsPageLabel()[pri:1, instance:com.crm.qa.testcases.ContactsPageTest@52af6cff]" name="verifyContactsPageLabel" duration-ms="47" started-at="2018-09-27T06:09:26Z" finished-at="2018-09-27T06:09:26Z">
          <reporter-output>
          </reporter-output>
        </test-method> <!-- verifyContactsPageLabel -->
        <test-method status="PASS" signature="tearDown()[pri:0, instance:com.crm.qa.testcases.ContactsPageTest@52af6cff]" name="tearDown" is-config="true" duration-ms="687" started-at="2018-09-27T06:09:26Z" finished-at="2018-09-27T06:09:27Z">
          <reporter-output>
          </reporter-output>
        </test-method> <!-- tearDown -->
        <test-method status="PASS" signature="setUp()[pri:0, instance:com.crm.qa.testcases.ContactsPageTest@52af6cff]" name="setUp" is-config="true" duration-ms="7167" started-at="2018-09-27T06:09:42Z" finished-at="2018-09-27T06:09:49Z">
          <reporter-output>
          </reporter-output>
        </test-method> <!-- setUp -->
        <test-method status="PASS" signature="selectContactsTest()[pri:2, instance:com.crm.qa.testcases.ContactsPageTest@52af6cff]" name="selectContactsTest" duration-ms="105" started-at="2018-09-27T06:09:49Z" finished-at="2018-09-27T06:09:49Z">
          <reporter-output>
          </reporter-output>
        </test-method> <!-- selectContactsTest -->
        <test-method status="PASS" signature="tearDown()[pri:0, instance:com.crm.qa.testcases.ContactsPageTest@52af6cff]" name="tearDown" is-config="true" duration-ms="673" started-at="2018-09-27T06:09:49Z" finished-at="2018-09-27T06:09:50Z">
          <reporter-output>
          </reporter-output>
        </test-method> <!-- tearDown -->
        <test-method status="PASS" signature="setUp()[pri:0, instance:com.crm.qa.testcases.ContactsPageTest@52af6cff]" name="setUp" is-config="true" duration-ms="7728" started-at="2018-09-27T06:10:04Z" finished-at="2018-09-27T06:10:12Z">
          <reporter-output>
          </reporter-output>
        </test-method> <!-- setUp -->
        <test-method status="PASS" signature="validateCreateNewContact(java.lang.String, java.lang.String, java.lang.String, java.lang.String)[pri:3, instance:com.crm.qa.testcases.ContactsPageTest@52af6cff]" name="validateCreateNewContact" duration-ms="1869" started-at="2018-09-27T06:10:12Z" data-provider="getCRMTestData" finished-at="2018-09-27T06:10:14Z">
          <params>
            <param index="0">
              <value>
                <![CDATA[Mr.]]>
              </value>
            </param>
            <param index="1">
              <value>
                <![CDATA[Tom]]>
              </value>
            </param>
            <param index="2">
              <value>
                <![CDATA[Peter]]>
              </value>
            </param>
            <param index="3">
              <value>
                <![CDATA[Google]]>
              </value>
            </param>
          </params>
          <reporter-output>
          </reporter-output>
        </test-method> <!-- validateCreateNewContact -->
        <test-method status="PASS" signature="tearDown()[pri:0, instance:com.crm.qa.testcases.ContactsPageTest@52af6cff]" name="tearDown" is-config="true" duration-ms="725" started-at="2018-09-27T06:10:14Z" finished-at="2018-09-27T06:10:15Z">
          <reporter-output>
          </reporter-output>
        </test-method> <!-- tearDown -->
        <test-method status="PASS" signature="setUp()[pri:0, instance:com.crm.qa.testcases.ContactsPageTest@52af6cff]" name="setUp" is-config="true" duration-ms="7098" started-at="2018-09-27T06:10:15Z" finished-at="2018-09-27T06:10:22Z">
          <reporter-output>
          </reporter-output>
        </test-method> <!-- setUp -->
        <test-method status="PASS" signature="validateCreateNewContact(java.lang.String, java.lang.String, java.lang.String, java.lang.String)[pri:3, instance:com.crm.qa.testcases.ContactsPageTest@52af6cff]" name="validateCreateNewContact" duration-ms="1851" started-at="2018-09-27T06:10:22Z" data-provider="getCRMTestData" finished-at="2018-09-27T06:10:24Z">
          <params>
            <param index="0">
              <value>
                <![CDATA[Dr.]]>
              </value>
            </param>
            <param index="1">
              <value>
                <![CDATA[Andrei]]>
              </value>
            </param>
            <param index="2">
              <value>
                <![CDATA[Ivanov]]>
              </value>
            </param>
            <param index="3">
              <value>
                <![CDATA[Amazon]]>
              </value>
            </param>
          </params>
          <reporter-output>
          </reporter-output>
        </test-method> <!-- validateCreateNewContact -->
        <test-method status="PASS" signature="tearDown()[pri:0, instance:com.crm.qa.testcases.ContactsPageTest@52af6cff]" name="tearDown" is-config="true" duration-ms="801" started-at="2018-09-27T06:10:24Z" finished-at="2018-09-27T06:10:25Z">
          <reporter-output>
          </reporter-output>
        </test-method> <!-- tearDown -->
        <test-method status="PASS" signature="setUp()[pri:0, instance:com.crm.qa.testcases.ContactsPageTest@52af6cff]" name="setUp" is-config="true" duration-ms="9599" started-at="2018-09-27T06:10:25Z" finished-at="2018-09-27T06:10:34Z">
          <reporter-output>
          </reporter-output>
        </test-method> <!-- setUp -->
        <test-method status="PASS" signature="validateCreateNewContact(java.lang.String, java.lang.String, java.lang.String, java.lang.String)[pri:3, instance:com.crm.qa.testcases.ContactsPageTest@52af6cff]" name="validateCreateNewContact" duration-ms="1920" started-at="2018-09-27T06:10:34Z" data-provider="getCRMTestData" finished-at="2018-09-27T06:10:36Z">
          <params>
            <param index="0">
              <value>
                <![CDATA[Mrs.]]>
              </value>
            </param>
            <param index="1">
              <value>
                <![CDATA[Ina]]>
              </value>
            </param>
            <param index="2">
              <value>
                <![CDATA[Petrova]]>
              </value>
            </param>
            <param index="3">
              <value>
                <![CDATA[Facebook]]>
              </value>
            </param>
          </params>
          <reporter-output>
          </reporter-output>
        </test-method> <!-- validateCreateNewContact -->
        <test-method status="PASS" signature="tearDown()[pri:0, instance:com.crm.qa.testcases.ContactsPageTest@52af6cff]" name="tearDown" is-config="true" duration-ms="680" started-at="2018-09-27T06:10:36Z" finished-at="2018-09-27T06:10:37Z">
          <reporter-output>
          </reporter-output>
        </test-method> <!-- tearDown -->
      </class> <!-- com.crm.qa.testcases.ContactsPageTest -->
      <class name="com.crm.qa.testcases.LoginPageTest">
        <test-method status="PASS" signature="setUp()[pri:0, instance:com.crm.qa.testcases.LoginPageTest@2c9f9fb0]" name="setUp" is-config="true" duration-ms="5622" started-at="2018-09-27T06:09:36Z" finished-at="2018-09-27T06:09:42Z">
          <reporter-output>
          </reporter-output>
        </test-method> <!-- setUp -->
        <test-method status="PASS" signature="loginPageTitleTest()[pri:1, instance:com.crm.qa.testcases.LoginPageTest@2c9f9fb0]" name="loginPageTitleTest" duration-ms="7" started-at="2018-09-27T06:09:42Z" finished-at="2018-09-27T06:09:42Z">
          <reporter-output>
          </reporter-output>
        </test-method> <!-- loginPageTitleTest -->
        <test-method status="PASS" signature="tearDown()[pri:0, instance:com.crm.qa.testcases.LoginPageTest@2c9f9fb0]" name="tearDown" is-config="true" duration-ms="124" started-at="2018-09-27T06:09:42Z" finished-at="2018-09-27T06:09:42Z">
          <reporter-output>
          </reporter-output>
        </test-method> <!-- tearDown -->
        <test-method status="PASS" signature="setUp()[pri:0, instance:com.crm.qa.testcases.LoginPageTest@2c9f9fb0]" name="setUp" is-config="true" duration-ms="4301" started-at="2018-09-27T06:09:58Z" finished-at="2018-09-27T06:10:02Z">
          <reporter-output>
          </reporter-output>
        </test-method> <!-- setUp -->
        <test-method status="PASS" signature="crmLogoImageTest()[pri:2, instance:com.crm.qa.testcases.LoginPageTest@2c9f9fb0]" name="crmLogoImageTest" duration-ms="48" started-at="2018-09-27T06:10:02Z" finished-at="2018-09-27T06:10:02Z">
          <reporter-output>
          </reporter-output>
        </test-method> <!-- crmLogoImageTest -->
        <test-method status="PASS" signature="tearDown()[pri:0, instance:com.crm.qa.testcases.LoginPageTest@2c9f9fb0]" name="tearDown" is-config="true" duration-ms="2310" started-at="2018-09-27T06:10:02Z" finished-at="2018-09-27T06:10:04Z">
          <reporter-output>
          </reporter-output>
        </test-method> <!-- tearDown -->
        <test-method status="PASS" signature="setUp()[pri:0, instance:com.crm.qa.testcases.LoginPageTest@2c9f9fb0]" name="setUp" is-config="true" duration-ms="4260" started-at="2018-09-27T06:10:45Z" finished-at="2018-09-27T06:10:49Z">
          <reporter-output>
          </reporter-output>
        </test-method> <!-- setUp -->
        <test-method status="PASS" signature="loginTest()[pri:3, instance:com.crm.qa.testcases.LoginPageTest@2c9f9fb0]" name="loginTest" duration-ms="2656" started-at="2018-09-27T06:10:49Z" finished-at="2018-09-27T06:10:51Z">
          <reporter-output>
          </reporter-output>
        </test-method> <!-- loginTest -->
        <test-method status="PASS" signature="tearDown()[pri:0, instance:com.crm.qa.testcases.LoginPageTest@2c9f9fb0]" name="tearDown" is-config="true" duration-ms="2312" started-at="2018-09-27T06:10:51Z" finished-at="2018-09-27T06:10:54Z">
          <reporter-output>
          </reporter-output>
        </test-method> <!-- tearDown -->
      </class> <!-- com.crm.qa.testcases.LoginPageTest -->
    </test> <!-- Command line test -->
  </suite> <!-- Command line suite -->
</testng-results>
