<?xml version="1.0" encoding="UTF-8"?>
<testng-results skipped="1" failed="0" ignored="0" total="3" passed="2">
  <reporter-output>
  </reporter-output>
  <suite name="Default Suite" duration-ms="21544" started-at="2018-09-26T23:46:49Z" finished-at="2018-09-26T23:47:11Z">
    <groups>
    </groups>
    <test name="FreeCRMTest" duration-ms="21544" started-at="2018-09-26T23:46:49Z" finished-at="2018-09-26T23:47:11Z">
      <class name="com.crm.qa.testcases.ContactsPageTest">
        <test-method status="PASS" signature="setUp()[pri:0, instance:com.crm.qa.testcases.ContactsPageTest@7a79be86]" name="setUp" is-config="true" duration-ms="11000" started-at="2018-09-26T23:46:49Z" finished-at="2018-09-26T23:47:00Z">
          <reporter-output>
          </reporter-output>
        </test-method> <!-- setUp -->
        <test-method status="PASS" signature="verifyContactsPageLabel()[pri:1, instance:com.crm.qa.testcases.ContactsPageTest@7a79be86]" name="verifyContactsPageLabel" duration-ms="37" started-at="2018-09-26T23:47:00Z" finished-at="2018-09-26T23:47:00Z">
          <reporter-output>
          </reporter-output>
        </test-method> <!-- verifyContactsPageLabel -->
        <test-method status="PASS" signature="tearDown()[pri:0, instance:com.crm.qa.testcases.ContactsPageTest@7a79be86]" name="tearDown" is-config="true" duration-ms="710" started-at="2018-09-26T23:47:00Z" finished-at="2018-09-26T23:47:01Z">
          <reporter-output>
          </reporter-output>
        </test-method> <!-- tearDown -->
        <test-method status="PASS" signature="setUp()[pri:0, instance:com.crm.qa.testcases.ContactsPageTest@7a79be86]" name="setUp" is-config="true" duration-ms="8795" started-at="2018-09-26T23:47:01Z" finished-at="2018-09-26T23:47:10Z">
          <reporter-output>
          </reporter-output>
        </test-method> <!-- setUp -->
        <test-method status="PASS" signature="selectContactsTest()[pri:2, instance:com.crm.qa.testcases.ContactsPageTest@7a79be86]" name="selectContactsTest" duration-ms="121" started-at="2018-09-26T23:47:10Z" finished-at="2018-09-26T23:47:10Z">
          <reporter-output>
          </reporter-output>
        </test-method> <!-- selectContactsTest -->
        <test-method status="PASS" signature="tearDown()[pri:0, instance:com.crm.qa.testcases.ContactsPageTest@7a79be86]" name="tearDown" is-config="true" duration-ms="722" started-at="2018-09-26T23:47:10Z" finished-at="2018-09-26T23:47:10Z">
          <reporter-output>
          </reporter-output>
        </test-method> <!-- tearDown -->
        <test-method status="SKIP" signature="validateCreateNewContact(java.lang.String, java.lang.String, java.lang.String, java.lang.String)[pri:3, instance:com.crm.qa.testcases.ContactsPageTest@7a79be86]" name="validateCreateNewContact" duration-ms="0" started-at="2018-09-26T23:47:11Z" data-provider="getCRMTestData" finished-at="2018-09-26T23:47:11Z">
          <exception class="java.lang.RuntimeException">
            <message>
              <![CDATA[java.lang.NullPointerException]]>
            </message>
            <full-stacktrace>
              <![CDATA[java.lang.RuntimeException: java.lang.NullPointerException
at org.testng.internal.MethodInvocationHelper.invokeMethodNoCheckedException(MethodInvocationHelper.java:49)
at org.testng.internal.MethodInvocationHelper.invokeDataProvider(MethodInvocationHelper.java:131)
at org.testng.internal.Parameters.handleParameters(Parameters.java:706)
at org.testng.internal.ParameterHandler.handleParameters(ParameterHandler.java:49)
at org.testng.internal.ParameterHandler.createParameters(ParameterHandler.java:37)
at org.testng.internal.Invoker.invokeTestMethods(Invoker.java:923)
at org.testng.internal.TestMethodWorker.invokeTestMethods(TestMethodWorker.java:125)
at org.testng.internal.TestMethodWorker.run(TestMethodWorker.java:109)
at org.testng.TestRunner.privateRun(TestRunner.java:648)
at org.testng.TestRunner.run(TestRunner.java:505)
at org.testng.SuiteRunner.runTest(SuiteRunner.java:455)
at org.testng.SuiteRunner.runSequentially(SuiteRunner.java:450)
at org.testng.SuiteRunner.privateRun(SuiteRunner.java:415)
at org.testng.SuiteRunner.run(SuiteRunner.java:364)
at org.testng.SuiteRunnerWorker.runSuite(SuiteRunnerWorker.java:52)
at org.testng.SuiteRunnerWorker.run(SuiteRunnerWorker.java:84)
at org.testng.TestNG.runSuitesSequentially(TestNG.java:1208)
at org.testng.TestNG.runSuitesLocally(TestNG.java:1137)
at org.testng.TestNG.runSuites(TestNG.java:1049)
at org.testng.TestNG.run(TestNG.java:1017)
at org.testng.IDEARemoteTestNG.run(IDEARemoteTestNG.java:72)
at org.testng.RemoteTestNGStarter.main(RemoteTestNGStarter.java:123)
Caused by: java.lang.NullPointerException
at org.apache.poi.openxml4j.opc.OPCPackage.getPart(OPCPackage.java:625)
at org.apache.poi.POIXMLDocumentPart.<init>(POIXMLDocumentPart.java:91)
at org.apache.poi.POIXMLDocument.<init>(POIXMLDocument.java:56)
at org.apache.poi.xssf.usermodel.XSSFWorkbook.<init>(XSSFWorkbook.java:183)
at org.apache.poi.ss.usermodel.WorkbookFactory.create(WorkbookFactory.java:73)
at com.crm.qa.util.TestUtil.getTestData(TestUtil.java:41)
at com.crm.qa.testcases.ContactsPageTest.getCRMTestData(ContactsPageTest.java:55)
at sun.reflect.NativeMethodAccessorImpl.invoke0(Native Method)
at sun.reflect.NativeMethodAccessorImpl.invoke(NativeMethodAccessorImpl.java:62)
at sun.reflect.DelegatingMethodAccessorImpl.invoke(DelegatingMethodAccessorImpl.java:43)
at java.lang.reflect.Method.invoke(Method.java:498)
at org.testng.internal.MethodInvocationHelper.invokeMethod(MethodInvocationHelper.java:124)
at org.testng.internal.MethodInvocationHelper.invokeMethod(MethodInvocationHelper.java:74)
at org.testng.internal.MethodInvocationHelper.invokeMethodNoCheckedException(MethodInvocationHelper.java:45)
... 21 more
]]>
            </full-stacktrace>
          </exception> <!-- java.lang.RuntimeException -->
          <reporter-output>
          </reporter-output>
        </test-method> <!-- validateCreateNewContact -->
      </class> <!-- com.crm.qa.testcases.ContactsPageTest -->
    </test> <!-- FreeCRMTest -->
  </suite> <!-- Default Suite -->
</testng-results>
