<?xml version="1.0" encoding="UTF-8"?>
<testng-results skipped="0" failed="0" ignored="0" total="2" passed="2">
  <reporter-output>
  </reporter-output>
  <suite name="Default Suite" duration-ms="23746" started-at="2018-09-26T15:11:06Z" finished-at="2018-09-26T15:11:30Z">
    <groups>
    </groups>
    <test name="FreeCRMTest" duration-ms="23746" started-at="2018-09-26T15:11:06Z" finished-at="2018-09-26T15:11:30Z">
      <class name="com.crm.qa.testcases.ContactsPageTest">
        <test-method status="PASS" signature="setUp()[pri:0, instance:com.crm.qa.testcases.ContactsPageTest@1e643faf]" name="setUp" is-config="true" duration-ms="14315" started-at="2018-09-26T15:11:06Z" finished-at="2018-09-26T15:11:20Z">
          <reporter-output>
          </reporter-output>
        </test-method> <!-- setUp -->
        <test-method status="PASS" signature="verifyContactsPageLabel()[pri:1, instance:com.crm.qa.testcases.ContactsPageTest@1e643faf]" name="verifyContactsPageLabel" duration-ms="45" started-at="2018-09-26T15:11:20Z" finished-at="2018-09-26T15:11:20Z">
          <reporter-output>
          </reporter-output>
        </test-method> <!-- verifyContactsPageLabel -->
        <test-method status="PASS" signature="tearDown()[pri:0, instance:com.crm.qa.testcases.ContactsPageTest@1e643faf]" name="tearDown" is-config="true" duration-ms="730" started-at="2018-09-26T15:11:20Z" finished-at="2018-09-26T15:11:21Z">
          <reporter-output>
          </reporter-output>
        </test-method> <!-- tearDown -->
        <test-method status="PASS" signature="setUp()[pri:0, instance:com.crm.qa.testcases.ContactsPageTest@1e643faf]" name="setUp" is-config="true" duration-ms="7729" started-at="2018-09-26T15:11:21Z" finished-at="2018-09-26T15:11:29Z">
          <reporter-output>
          </reporter-output>
        </test-method> <!-- setUp -->
        <test-method status="PASS" signature="selectContactsTest()[pri:2, instance:com.crm.qa.testcases.ContactsPageTest@1e643faf]" name="selectContactsTest" duration-ms="116" started-at="2018-09-26T15:11:29Z" finished-at="2018-09-26T15:11:29Z">
          <reporter-output>
          </reporter-output>
        </test-method> <!-- selectContactsTest -->
        <test-method status="PASS" signature="tearDown()[pri:0, instance:com.crm.qa.testcases.ContactsPageTest@1e643faf]" name="tearDown" is-config="true" duration-ms="773" started-at="2018-09-26T15:11:29Z" finished-at="2018-09-26T15:11:30Z">
          <reporter-output>
          </reporter-output>
        </test-method> <!-- tearDown -->
      </class> <!-- com.crm.qa.testcases.ContactsPageTest -->
    </test> <!-- FreeCRMTest -->
  </suite> <!-- Default Suite -->
</testng-results>
