<?xml version="1.0" encoding="UTF-8"?>
<!-- Generated by org.testng.reporters.JUnitXMLReporter -->
<testsuite hostname="DESKTOP-C7HKO16" ignored="0" name="Command line test" tests="3" failures="0" timestamp="25 Sep 2018 19:06:49 GMT" time="24.777" errors="0">
  <testcase name="loginPageTitleTest" time="0.012" classname="com.crm.qa.testcases.LoginPageTest"/>
  <testcase name="crmLogoImageTest" time="0.082" classname="com.crm.qa.testcases.LoginPageTest"/>
  <testcase name="loginTest" time="5.568" classname="com.crm.qa.testcases.LoginPageTest"/>
</testsuite> <!-- Command line test -->
